2024-04-28 19:23:10 [::1][94][0p4l07iummg1rveh4btoc4f9dq][error][yii\web\HttpException:403] yii\web\ForbiddenHttpException: غير مصرح لك القيام بهذا العمل in C:\xampp\htdocs\nafithh\vendor\mdmsoft\yii2-admin\components\AccessControl.php:88
Stack trace:
#0 C:\xampp\htdocs\nafithh\vendor\mdmsoft\yii2-admin\components\AccessControl.php(73): mdm\admin\components\AccessControl->denyAccess(Object(yii\web\User))
#1 C:\xampp\htdocs\nafithh\vendor\yiisoft\yii2\base\ActionFilter.php(77): mdm\admin\components\AccessControl->beforeAction(Object(yii\base\InlineAction))
#2 [internal function]: yii\base\ActionFilter->beforeFilter(Object(yii\base\ActionEvent))
#3 C:\xampp\htdocs\nafithh\vendor\yiisoft\yii2\base\Component.php(633): call_user_func(Array, Object(yii\base\ActionEvent))
#4 C:\xampp\htdocs\nafithh\vendor\yiisoft\yii2\base\Module.php(724): yii\base\Component->trigger('beforeAction', Object(yii\base\ActionEvent))
#5 C:\xampp\htdocs\nafithh\vendor\yiisoft\yii2\base\Controller.php(166): yii\base\Module->beforeAction(Object(yii\base\InlineAction))
#6 C:\xampp\htdocs\nafithh\vendor\yiisoft\yii2\base\Module.php(552): yii\base\Controller->runAction('toolbar', Array)
#7 C:\xampp\htdocs\nafithh\vendor\yiisoft\yii2\web\Application.php(103): yii\base\Module->runAction('debug/default/t...', Array)
#8 C:\xampp\htdocs\nafithh\vendor\yiisoft\yii2\base\Application.php(384): yii\web\Application->handleRequest(Object(yii\web\Request))
#9 C:\xampp\htdocs\nafithh\web\admin\index.php(18): yii\base\Application->run()
#10 {main}
2024-04-28 19:23:10 [::1][94][0p4l07iummg1rveh4btoc4f9dq][info][application] $_GET = [
    'tag' => '662e77edb0bbb'
]

$_POST = []

$_FILES = []

$_COOKIE = [
    '_identity-backend' => '98aa642ec5ce1a39e05de95fc2512ba68e60690d4a058cbc1c3d389c2b44217ca:2:{i:0;s:17:\"_identity-backend\";i:1;s:47:\"[94,\"FPMu2WKk-wMLbw_FFn16xh_lQD-KupqV\",2592000]\";}'
    'advanced-backend' => '0p4l07iummg1rveh4btoc4f9dq'
    '_csrf-backend' => '048510a90821d699e9c828120a46ba2168c041af2b435e34b349ba6754a5d928a:2:{i:0;s:13:\"_csrf-backend\";i:1;s:32:\"7P0xOSG5OhE2KKZicqRZIce4p2a81Wmc\";}'
]

$_SESSION = [
    '__flash' => []
    '__id' => 94
    '__authKey' => 'FPMu2WKk-wMLbw_FFn16xh_lQD-KupqV'
    'estate_office_id' => 31
]

$_SERVER = [
    'DOCUMENT_ROOT' => 'C:\\xampp\\htdocs\\nafithh\\web'
    'REMOTE_ADDR' => '::1'
    'REMOTE_PORT' => '56670'
    'SERVER_SOFTWARE' => 'PHP 8.2.12 Development Server'
    'SERVER_PROTOCOL' => 'HTTP/1.1'
    'SERVER_NAME' => 'localhost'
    'SERVER_PORT' => '8080'
    'REQUEST_URI' => '/admin/debug/default/toolbar?tag=662e77edb0bbb'
    'REQUEST_METHOD' => 'GET'
    'SCRIPT_NAME' => '/admin/index.php'
    'SCRIPT_FILENAME' => 'C:\\xampp\\htdocs\\nafithh\\web\\admin\\index.php'
    'PATH_INFO' => '/debug/default/toolbar'
    'PHP_SELF' => '/admin/index.php/debug/default/toolbar'
    'QUERY_STRING' => 'tag=662e77edb0bbb'
    'HTTP_HOST' => 'localhost:8080'
    'HTTP_CONNECTION' => 'keep-alive'
    'HTTP_SEC_CH_UA' => '\"Chromium\";v=\"124\", \"Google Chrome\";v=\"124\", \"Not-A.Brand\";v=\"99\"'
    'HTTP_ACCEPT' => 'text/html'
    'HTTP_X_REQUESTED_WITH' => 'XMLHttpRequest'
    'HTTP_SEC_CH_UA_MOBILE' => '?0'
    'HTTP_USER_AGENT' => 'Mozilla/5.0 (Windows NT 10.0; Win64; x64) AppleWebKit/537.36 (KHTML, like Gecko) Chrome/124.0.0.0 Safari/537.36'
    'HTTP_SEC_CH_UA_PLATFORM' => '\"Windows\"'
    'HTTP_SEC_FETCH_SITE' => 'same-origin'
    'HTTP_SEC_FETCH_MODE' => 'cors'
    'HTTP_SEC_FETCH_DEST' => 'empty'
    'HTTP_REFERER' => 'http://localhost:8080/admin/takamolat/create'
    'HTTP_ACCEPT_ENCODING' => 'gzip, deflate, br'
    'HTTP_ACCEPT_LANGUAGE' => 'en-US,en;q=0.9,ar;q=0.8'
    'HTTP_COOKIE' => '_identity-backend=98aa642ec5ce1a39e05de95fc2512ba68e60690d4a058cbc1c3d389c2b44217ca%3A2%3A%7Bi%3A0%3Bs%3A17%3A%22_identity-backend%22%3Bi%3A1%3Bs%3A47%3A%22%5B94%2C%22FPMu2WKk-wMLbw_FFn16xh_lQD-KupqV%22%2C2592000%5D%22%3B%7D; advanced-backend=0p4l07iummg1rveh4btoc4f9dq; _csrf-backend=048510a90821d699e9c828120a46ba2168c041af2b435e34b349ba6754a5d928a%3A2%3A%7Bi%3A0%3Bs%3A13%3A%22_csrf-backend%22%3Bi%3A1%3Bs%3A32%3A%227P0xOSG5OhE2KKZicqRZIce4p2a81Wmc%22%3B%7D'
    'REQUEST_TIME_FLOAT' => 1714321390.1591
    'REQUEST_TIME' => 1714321390
]
2024-04-28 19:23:41 [::1][94][0p4l07iummg1rveh4btoc4f9dq][error][yii\web\HttpException:403] yii\web\ForbiddenHttpException: غير مصرح لك القيام بهذا العمل in C:\xampp\htdocs\nafithh\vendor\mdmsoft\yii2-admin\components\AccessControl.php:88
Stack trace:
#0 C:\xampp\htdocs\nafithh\vendor\mdmsoft\yii2-admin\components\AccessControl.php(73): mdm\admin\components\AccessControl->denyAccess(Object(yii\web\User))
#1 C:\xampp\htdocs\nafithh\vendor\yiisoft\yii2\base\ActionFilter.php(77): mdm\admin\components\AccessControl->beforeAction(Object(yii\base\InlineAction))
#2 [internal function]: yii\base\ActionFilter->beforeFilter(Object(yii\base\ActionEvent))
#3 C:\xampp\htdocs\nafithh\vendor\yiisoft\yii2\base\Component.php(633): call_user_func(Array, Object(yii\base\ActionEvent))
#4 C:\xampp\htdocs\nafithh\vendor\yiisoft\yii2\base\Module.php(724): yii\base\Component->trigger('beforeAction', Object(yii\base\ActionEvent))
#5 C:\xampp\htdocs\nafithh\vendor\yiisoft\yii2\base\Controller.php(166): yii\base\Module->beforeAction(Object(yii\base\InlineAction))
#6 C:\xampp\htdocs\nafithh\vendor\yiisoft\yii2\base\Module.php(552): yii\base\Controller->runAction('toolbar', Array)
#7 C:\xampp\htdocs\nafithh\vendor\yiisoft\yii2\web\Application.php(103): yii\base\Module->runAction('debug/default/t...', Array)
#8 C:\xampp\htdocs\nafithh\vendor\yiisoft\yii2\base\Application.php(384): yii\web\Application->handleRequest(Object(yii\web\Request))
#9 C:\xampp\htdocs\nafithh\web\admin\index.php(18): yii\base\Application->run()
#10 {main}
2024-04-28 19:23:40 [::1][94][0p4l07iummg1rveh4btoc4f9dq][info][application] $_GET = [
    'tag' => '662e780c7e0ad'
]

$_POST = []

$_FILES = []

$_COOKIE = [
    '_identity-backend' => '98aa642ec5ce1a39e05de95fc2512ba68e60690d4a058cbc1c3d389c2b44217ca:2:{i:0;s:17:\"_identity-backend\";i:1;s:47:\"[94,\"FPMu2WKk-wMLbw_FFn16xh_lQD-KupqV\",2592000]\";}'
    'advanced-backend' => '0p4l07iummg1rveh4btoc4f9dq'
    '_csrf-backend' => '048510a90821d699e9c828120a46ba2168c041af2b435e34b349ba6754a5d928a:2:{i:0;s:13:\"_csrf-backend\";i:1;s:32:\"7P0xOSG5OhE2KKZicqRZIce4p2a81Wmc\";}'
]

$_SESSION = [
    '__flash' => []
    '__id' => 94
    '__authKey' => 'FPMu2WKk-wMLbw_FFn16xh_lQD-KupqV'
    'estate_office_id' => 31
]

$_SERVER = [
    'DOCUMENT_ROOT' => 'C:\\xampp\\htdocs\\nafithh\\web'
    'REMOTE_ADDR' => '::1'
    'REMOTE_PORT' => '56729'
    'SERVER_SOFTWARE' => 'PHP 8.2.12 Development Server'
    'SERVER_PROTOCOL' => 'HTTP/1.1'
    'SERVER_NAME' => 'localhost'
    'SERVER_PORT' => '8080'
    'REQUEST_URI' => '/admin/debug/default/toolbar?tag=662e780c7e0ad'
    'REQUEST_METHOD' => 'GET'
    'SCRIPT_NAME' => '/admin/index.php'
    'SCRIPT_FILENAME' => 'C:\\xampp\\htdocs\\nafithh\\web\\admin\\index.php'
    'PATH_INFO' => '/debug/default/toolbar'
    'PHP_SELF' => '/admin/index.php/debug/default/toolbar'
    'QUERY_STRING' => 'tag=662e780c7e0ad'
    'HTTP_HOST' => 'localhost:8080'
    'HTTP_CONNECTION' => 'keep-alive'
    'HTTP_SEC_CH_UA' => '\"Chromium\";v=\"124\", \"Google Chrome\";v=\"124\", \"Not-A.Brand\";v=\"99\"'
    'HTTP_ACCEPT' => 'text/html'
    'HTTP_X_REQUESTED_WITH' => 'XMLHttpRequest'
    'HTTP_SEC_CH_UA_MOBILE' => '?0'
    'HTTP_USER_AGENT' => 'Mozilla/5.0 (Windows NT 10.0; Win64; x64) AppleWebKit/537.36 (KHTML, like Gecko) Chrome/124.0.0.0 Safari/537.36'
    'HTTP_SEC_CH_UA_PLATFORM' => '\"Windows\"'
    'HTTP_SEC_FETCH_SITE' => 'same-origin'
    'HTTP_SEC_FETCH_MODE' => 'cors'
    'HTTP_SEC_FETCH_DEST' => 'empty'
    'HTTP_REFERER' => 'http://localhost:8080/admin/takamolat/23'
    'HTTP_ACCEPT_ENCODING' => 'gzip, deflate, br'
    'HTTP_ACCEPT_LANGUAGE' => 'en-US,en;q=0.9,ar;q=0.8'
    'HTTP_COOKIE' => '_identity-backend=98aa642ec5ce1a39e05de95fc2512ba68e60690d4a058cbc1c3d389c2b44217ca%3A2%3A%7Bi%3A0%3Bs%3A17%3A%22_identity-backend%22%3Bi%3A1%3Bs%3A47%3A%22%5B94%2C%22FPMu2WKk-wMLbw_FFn16xh_lQD-KupqV%22%2C2592000%5D%22%3B%7D; advanced-backend=0p4l07iummg1rveh4btoc4f9dq; _csrf-backend=048510a90821d699e9c828120a46ba2168c041af2b435e34b349ba6754a5d928a%3A2%3A%7Bi%3A0%3Bs%3A13%3A%22_csrf-backend%22%3Bi%3A1%3Bs%3A32%3A%227P0xOSG5OhE2KKZicqRZIce4p2a81Wmc%22%3B%7D'
    'REQUEST_TIME_FLOAT' => 1714321420.8887
    'REQUEST_TIME' => 1714321420
]
2024-04-28 19:27:45 [::1][94][0p4l07iummg1rveh4btoc4f9dq][error][yii\web\HttpException:403] yii\web\ForbiddenHttpException: غير مصرح لك القيام بهذا العمل in C:\xampp\htdocs\nafithh\vendor\mdmsoft\yii2-admin\components\AccessControl.php:88
Stack trace:
#0 C:\xampp\htdocs\nafithh\vendor\mdmsoft\yii2-admin\components\AccessControl.php(73): mdm\admin\components\AccessControl->denyAccess(Object(yii\web\User))
#1 C:\xampp\htdocs\nafithh\vendor\yiisoft\yii2\base\ActionFilter.php(77): mdm\admin\components\AccessControl->beforeAction(Object(yii\base\InlineAction))
#2 [internal function]: yii\base\ActionFilter->beforeFilter(Object(yii\base\ActionEvent))
#3 C:\xampp\htdocs\nafithh\vendor\yiisoft\yii2\base\Component.php(633): call_user_func(Array, Object(yii\base\ActionEvent))
#4 C:\xampp\htdocs\nafithh\vendor\yiisoft\yii2\base\Module.php(724): yii\base\Component->trigger('beforeAction', Object(yii\base\ActionEvent))
#5 C:\xampp\htdocs\nafithh\vendor\yiisoft\yii2\base\Controller.php(166): yii\base\Module->beforeAction(Object(yii\base\InlineAction))
#6 C:\xampp\htdocs\nafithh\vendor\yiisoft\yii2\base\Module.php(552): yii\base\Controller->runAction('toolbar', Array)
#7 C:\xampp\htdocs\nafithh\vendor\yiisoft\yii2\web\Application.php(103): yii\base\Module->runAction('debug/default/t...', Array)
#8 C:\xampp\htdocs\nafithh\vendor\yiisoft\yii2\base\Application.php(384): yii\web\Application->handleRequest(Object(yii\web\Request))
#9 C:\xampp\htdocs\nafithh\web\admin\index.php(18): yii\base\Application->run()
#10 {main}
2024-04-28 19:27:45 [::1][94][0p4l07iummg1rveh4btoc4f9dq][info][application] $_GET = [
    'tag' => '662e7901411dc'
]

$_POST = []

$_FILES = []

$_COOKIE = [
    '_identity-backend' => '98aa642ec5ce1a39e05de95fc2512ba68e60690d4a058cbc1c3d389c2b44217ca:2:{i:0;s:17:\"_identity-backend\";i:1;s:47:\"[94,\"FPMu2WKk-wMLbw_FFn16xh_lQD-KupqV\",2592000]\";}'
    'advanced-backend' => '0p4l07iummg1rveh4btoc4f9dq'
    '_csrf-backend' => '048510a90821d699e9c828120a46ba2168c041af2b435e34b349ba6754a5d928a:2:{i:0;s:13:\"_csrf-backend\";i:1;s:32:\"7P0xOSG5OhE2KKZicqRZIce4p2a81Wmc\";}'
]

$_SESSION = [
    '__flash' => []
    '__id' => 94
    '__authKey' => 'FPMu2WKk-wMLbw_FFn16xh_lQD-KupqV'
    'estate_office_id' => 31
]

$_SERVER = [
    'DOCUMENT_ROOT' => 'C:\\xampp\\htdocs\\nafithh\\web'
    'REMOTE_ADDR' => '::1'
    'REMOTE_PORT' => '56833'
    'SERVER_SOFTWARE' => 'PHP 8.2.12 Development Server'
    'SERVER_PROTOCOL' => 'HTTP/1.1'
    'SERVER_NAME' => 'localhost'
    'SERVER_PORT' => '8080'
    'REQUEST_URI' => '/admin/debug/default/toolbar?tag=662e7901411dc'
    'REQUEST_METHOD' => 'GET'
    'SCRIPT_NAME' => '/admin/index.php'
    'SCRIPT_FILENAME' => 'C:\\xampp\\htdocs\\nafithh\\web\\admin\\index.php'
    'PATH_INFO' => '/debug/default/toolbar'
    'PHP_SELF' => '/admin/index.php/debug/default/toolbar'
    'QUERY_STRING' => 'tag=662e7901411dc'
    'HTTP_HOST' => 'localhost:8080'
    'HTTP_CONNECTION' => 'keep-alive'
    'HTTP_SEC_CH_UA' => '\"Chromium\";v=\"124\", \"Google Chrome\";v=\"124\", \"Not-A.Brand\";v=\"99\"'
    'HTTP_ACCEPT' => 'text/html'
    'HTTP_X_REQUESTED_WITH' => 'XMLHttpRequest'
    'HTTP_SEC_CH_UA_MOBILE' => '?0'
    'HTTP_USER_AGENT' => 'Mozilla/5.0 (Windows NT 10.0; Win64; x64) AppleWebKit/537.36 (KHTML, like Gecko) Chrome/124.0.0.0 Safari/537.36'
    'HTTP_SEC_CH_UA_PLATFORM' => '\"Windows\"'
    'HTTP_SEC_FETCH_SITE' => 'same-origin'
    'HTTP_SEC_FETCH_MODE' => 'cors'
    'HTTP_SEC_FETCH_DEST' => 'empty'
    'HTTP_REFERER' => 'http://localhost:8080/admin/takamolat'
    'HTTP_ACCEPT_ENCODING' => 'gzip, deflate, br'
    'HTTP_ACCEPT_LANGUAGE' => 'en-US,en;q=0.9,ar;q=0.8'
    'HTTP_COOKIE' => '_identity-backend=98aa642ec5ce1a39e05de95fc2512ba68e60690d4a058cbc1c3d389c2b44217ca%3A2%3A%7Bi%3A0%3Bs%3A17%3A%22_identity-backend%22%3Bi%3A1%3Bs%3A47%3A%22%5B94%2C%22FPMu2WKk-wMLbw_FFn16xh_lQD-KupqV%22%2C2592000%5D%22%3B%7D; advanced-backend=0p4l07iummg1rveh4btoc4f9dq; _csrf-backend=048510a90821d699e9c828120a46ba2168c041af2b435e34b349ba6754a5d928a%3A2%3A%7Bi%3A0%3Bs%3A13%3A%22_csrf-backend%22%3Bi%3A1%3Bs%3A32%3A%227P0xOSG5OhE2KKZicqRZIce4p2a81Wmc%22%3B%7D'
    'REQUEST_TIME_FLOAT' => 1714321665.8432
    'REQUEST_TIME' => 1714321665
]
2024-04-28 19:37:43 [::1][94][0p4l07iummg1rveh4btoc4f9dq][error][yii\base\InvalidArgumentException] yii\base\InvalidArgumentException: Invalid path alias: @uploads/images/watermark.png in C:\xampp\htdocs\nafithh\vendor\yiisoft\yii2\BaseYii.php:154
Stack trace:
#0 C:\xampp\htdocs\nafithh\backend\controllers\TakamolatController.php(137): yii\BaseYii::getAlias('@uploads/images...')
#1 [internal function]: backend\controllers\TakamolatController->actionUpdate(23)
#2 C:\xampp\htdocs\nafithh\vendor\yiisoft\yii2\base\InlineAction.php(57): call_user_func_array(Array, Array)
#3 C:\xampp\htdocs\nafithh\vendor\yiisoft\yii2\base\Controller.php(178): yii\base\InlineAction->runWithParams(Array)
#4 C:\xampp\htdocs\nafithh\vendor\yiisoft\yii2\base\Module.php(552): yii\base\Controller->runAction('update', Array)
#5 C:\xampp\htdocs\nafithh\vendor\yiisoft\yii2\web\Application.php(103): yii\base\Module->runAction('takamolat/updat...', Array)
#6 C:\xampp\htdocs\nafithh\vendor\yiisoft\yii2\base\Application.php(384): yii\web\Application->handleRequest(Object(yii\web\Request))
#7 C:\xampp\htdocs\nafithh\web\admin\index.php(18): yii\base\Application->run()
#8 {main}
2024-04-28 19:37:42 [::1][94][0p4l07iummg1rveh4btoc4f9dq][info][application] $_GET = [
    'id' => '23'
]

$_POST = []

$_FILES = []

$_COOKIE = [
    '_identity-backend' => '98aa642ec5ce1a39e05de95fc2512ba68e60690d4a058cbc1c3d389c2b44217ca:2:{i:0;s:17:\"_identity-backend\";i:1;s:47:\"[94,\"FPMu2WKk-wMLbw_FFn16xh_lQD-KupqV\",2592000]\";}'
    'advanced-backend' => '0p4l07iummg1rveh4btoc4f9dq'
    '_csrf-backend' => '048510a90821d699e9c828120a46ba2168c041af2b435e34b349ba6754a5d928a:2:{i:0;s:13:\"_csrf-backend\";i:1;s:32:\"7P0xOSG5OhE2KKZicqRZIce4p2a81Wmc\";}'
]

$_SESSION = [
    '__flash' => []
    '__id' => 94
    '__authKey' => 'FPMu2WKk-wMLbw_FFn16xh_lQD-KupqV'
    'estate_office_id' => 31
]

$_SERVER = [
    'DOCUMENT_ROOT' => 'C:\\xampp\\htdocs\\nafithh\\web'
    'REMOTE_ADDR' => '::1'
    'REMOTE_PORT' => '57186'
    'SERVER_SOFTWARE' => 'PHP 8.2.12 Development Server'
    'SERVER_PROTOCOL' => 'HTTP/1.1'
    'SERVER_NAME' => 'localhost'
    'SERVER_PORT' => '8080'
    'REQUEST_URI' => '/admin/takamolat/update/23'
    'REQUEST_METHOD' => 'GET'
    'SCRIPT_NAME' => '/admin/index.php'
    'SCRIPT_FILENAME' => 'C:\\xampp\\htdocs\\nafithh\\web\\admin\\index.php'
    'PATH_INFO' => '/takamolat/update/23'
    'PHP_SELF' => '/admin/index.php/takamolat/update/23'
    'HTTP_HOST' => 'localhost:8080'
    'HTTP_CONNECTION' => 'keep-alive'
    'HTTP_CACHE_CONTROL' => 'max-age=0'
    'HTTP_SEC_CH_UA' => '\"Chromium\";v=\"124\", \"Google Chrome\";v=\"124\", \"Not-A.Brand\";v=\"99\"'
    'HTTP_SEC_CH_UA_MOBILE' => '?0'
    'HTTP_SEC_CH_UA_PLATFORM' => '\"Windows\"'
    'HTTP_UPGRADE_INSECURE_REQUESTS' => '1'
    'HTTP_USER_AGENT' => 'Mozilla/5.0 (Windows NT 10.0; Win64; x64) AppleWebKit/537.36 (KHTML, like Gecko) Chrome/124.0.0.0 Safari/537.36'
    'HTTP_ACCEPT' => 'text/html,application/xhtml+xml,application/xml;q=0.9,image/avif,image/webp,image/apng,*/*;q=0.8,application/signed-exchange;v=b3;q=0.7'
    'HTTP_SEC_FETCH_SITE' => 'same-origin'
    'HTTP_SEC_FETCH_MODE' => 'navigate'
    'HTTP_SEC_FETCH_USER' => '?1'
    'HTTP_SEC_FETCH_DEST' => 'document'
    'HTTP_REFERER' => 'http://localhost:8080/admin/takamolat'
    'HTTP_ACCEPT_ENCODING' => 'gzip, deflate, br'
    'HTTP_ACCEPT_LANGUAGE' => 'en-US,en;q=0.9,ar;q=0.8'
    'HTTP_COOKIE' => '_identity-backend=98aa642ec5ce1a39e05de95fc2512ba68e60690d4a058cbc1c3d389c2b44217ca%3A2%3A%7Bi%3A0%3Bs%3A17%3A%22_identity-backend%22%3Bi%3A1%3Bs%3A47%3A%22%5B94%2C%22FPMu2WKk-wMLbw_FFn16xh_lQD-KupqV%22%2C2592000%5D%22%3B%7D; advanced-backend=0p4l07iummg1rveh4btoc4f9dq; _csrf-backend=048510a90821d699e9c828120a46ba2168c041af2b435e34b349ba6754a5d928a%3A2%3A%7Bi%3A0%3Bs%3A13%3A%22_csrf-backend%22%3Bi%3A1%3Bs%3A32%3A%227P0xOSG5OhE2KKZicqRZIce4p2a81Wmc%22%3B%7D'
    'REQUEST_TIME_FLOAT' => 1714322262.9158
    'REQUEST_TIME' => 1714322262
]
2024-04-28 19:37:43 [::1][94][0p4l07iummg1rveh4btoc4f9dq][error][yii\web\HttpException:403] yii\web\ForbiddenHttpException: غير مصرح لك القيام بهذا العمل in C:\xampp\htdocs\nafithh\vendor\mdmsoft\yii2-admin\components\AccessControl.php:88
Stack trace:
#0 C:\xampp\htdocs\nafithh\vendor\mdmsoft\yii2-admin\components\AccessControl.php(73): mdm\admin\components\AccessControl->denyAccess(Object(yii\web\User))
#1 C:\xampp\htdocs\nafithh\vendor\yiisoft\yii2\base\ActionFilter.php(77): mdm\admin\components\AccessControl->beforeAction(Object(yii\base\InlineAction))
#2 [internal function]: yii\base\ActionFilter->beforeFilter(Object(yii\base\ActionEvent))
#3 C:\xampp\htdocs\nafithh\vendor\yiisoft\yii2\base\Component.php(633): call_user_func(Array, Object(yii\base\ActionEvent))
#4 C:\xampp\htdocs\nafithh\vendor\yiisoft\yii2\base\Module.php(724): yii\base\Component->trigger('beforeAction', Object(yii\base\ActionEvent))
#5 C:\xampp\htdocs\nafithh\vendor\yiisoft\yii2\base\Controller.php(166): yii\base\Module->beforeAction(Object(yii\base\InlineAction))
#6 C:\xampp\htdocs\nafithh\vendor\yiisoft\yii2\base\Module.php(552): yii\base\Controller->runAction('toolbar', Array)
#7 C:\xampp\htdocs\nafithh\vendor\yiisoft\yii2\web\Application.php(103): yii\base\Module->runAction('debug/default/t...', Array)
#8 C:\xampp\htdocs\nafithh\vendor\yiisoft\yii2\base\Application.php(384): yii\web\Application->handleRequest(Object(yii\web\Request))
#9 C:\xampp\htdocs\nafithh\web\admin\index.php(18): yii\base\Application->run()
#10 {main}
2024-04-28 19:37:43 [::1][94][0p4l07iummg1rveh4btoc4f9dq][info][application] $_GET = [
    'tag' => '662e7b571acab'
]

$_POST = []

$_FILES = []

$_COOKIE = [
    '_identity-backend' => '98aa642ec5ce1a39e05de95fc2512ba68e60690d4a058cbc1c3d389c2b44217ca:2:{i:0;s:17:\"_identity-backend\";i:1;s:47:\"[94,\"FPMu2WKk-wMLbw_FFn16xh_lQD-KupqV\",2592000]\";}'
    'advanced-backend' => '0p4l07iummg1rveh4btoc4f9dq'
    '_csrf-backend' => '048510a90821d699e9c828120a46ba2168c041af2b435e34b349ba6754a5d928a:2:{i:0;s:13:\"_csrf-backend\";i:1;s:32:\"7P0xOSG5OhE2KKZicqRZIce4p2a81Wmc\";}'
]

$_SESSION = [
    '__flash' => []
    '__id' => 94
    '__authKey' => 'FPMu2WKk-wMLbw_FFn16xh_lQD-KupqV'
    'estate_office_id' => 31
]

$_SERVER = [
    'DOCUMENT_ROOT' => 'C:\\xampp\\htdocs\\nafithh\\web'
    'REMOTE_ADDR' => '::1'
    'REMOTE_PORT' => '57187'
    'SERVER_SOFTWARE' => 'PHP 8.2.12 Development Server'
    'SERVER_PROTOCOL' => 'HTTP/1.1'
    'SERVER_NAME' => 'localhost'
    'SERVER_PORT' => '8080'
    'REQUEST_URI' => '/admin/debug/default/toolbar?tag=662e7b571acab'
    'REQUEST_METHOD' => 'GET'
    'SCRIPT_NAME' => '/admin/index.php'
    'SCRIPT_FILENAME' => 'C:\\xampp\\htdocs\\nafithh\\web\\admin\\index.php'
    'PATH_INFO' => '/debug/default/toolbar'
    'PHP_SELF' => '/admin/index.php/debug/default/toolbar'
    'QUERY_STRING' => 'tag=662e7b571acab'
    'HTTP_HOST' => 'localhost:8080'
    'HTTP_CONNECTION' => 'keep-alive'
    'HTTP_SEC_CH_UA' => '\"Chromium\";v=\"124\", \"Google Chrome\";v=\"124\", \"Not-A.Brand\";v=\"99\"'
    'HTTP_ACCEPT' => 'text/html'
    'HTTP_X_REQUESTED_WITH' => 'XMLHttpRequest'
    'HTTP_SEC_CH_UA_MOBILE' => '?0'
    'HTTP_USER_AGENT' => 'Mozilla/5.0 (Windows NT 10.0; Win64; x64) AppleWebKit/537.36 (KHTML, like Gecko) Chrome/124.0.0.0 Safari/537.36'
    'HTTP_SEC_CH_UA_PLATFORM' => '\"Windows\"'
    'HTTP_SEC_FETCH_SITE' => 'same-origin'
    'HTTP_SEC_FETCH_MODE' => 'cors'
    'HTTP_SEC_FETCH_DEST' => 'empty'
    'HTTP_REFERER' => 'http://localhost:8080/admin/takamolat/update/23'
    'HTTP_ACCEPT_ENCODING' => 'gzip, deflate, br'
    'HTTP_ACCEPT_LANGUAGE' => 'en-US,en;q=0.9,ar;q=0.8'
    'HTTP_COOKIE' => '_identity-backend=98aa642ec5ce1a39e05de95fc2512ba68e60690d4a058cbc1c3d389c2b44217ca%3A2%3A%7Bi%3A0%3Bs%3A17%3A%22_identity-backend%22%3Bi%3A1%3Bs%3A47%3A%22%5B94%2C%22FPMu2WKk-wMLbw_FFn16xh_lQD-KupqV%22%2C2592000%5D%22%3B%7D; advanced-backend=0p4l07iummg1rveh4btoc4f9dq; _csrf-backend=048510a90821d699e9c828120a46ba2168c041af2b435e34b349ba6754a5d928a%3A2%3A%7Bi%3A0%3Bs%3A13%3A%22_csrf-backend%22%3Bi%3A1%3Bs%3A32%3A%227P0xOSG5OhE2KKZicqRZIce4p2a81Wmc%22%3B%7D'
    'REQUEST_TIME_FLOAT' => 1714322263.1861
    'REQUEST_TIME' => 1714322263
]
2024-04-28 19:38:06 [::1][94][0p4l07iummg1rveh4btoc4f9dq][error][yii\base\InvalidArgumentException] yii\base\InvalidArgumentException: Invalid path alias: @uploads/watermark.png in C:\xampp\htdocs\nafithh\vendor\yiisoft\yii2\BaseYii.php:154
Stack trace:
#0 C:\xampp\htdocs\nafithh\backend\controllers\TakamolatController.php(137): yii\BaseYii::getAlias('@uploads/waterm...')
#1 [internal function]: backend\controllers\TakamolatController->actionUpdate(23)
#2 C:\xampp\htdocs\nafithh\vendor\yiisoft\yii2\base\InlineAction.php(57): call_user_func_array(Array, Array)
#3 C:\xampp\htdocs\nafithh\vendor\yiisoft\yii2\base\Controller.php(178): yii\base\InlineAction->runWithParams(Array)
#4 C:\xampp\htdocs\nafithh\vendor\yiisoft\yii2\base\Module.php(552): yii\base\Controller->runAction('update', Array)
#5 C:\xampp\htdocs\nafithh\vendor\yiisoft\yii2\web\Application.php(103): yii\base\Module->runAction('takamolat/updat...', Array)
#6 C:\xampp\htdocs\nafithh\vendor\yiisoft\yii2\base\Application.php(384): yii\web\Application->handleRequest(Object(yii\web\Request))
#7 C:\xampp\htdocs\nafithh\web\admin\index.php(18): yii\base\Application->run()
#8 {main}
2024-04-28 19:38:06 [::1][94][0p4l07iummg1rveh4btoc4f9dq][info][application] $_GET = [
    'id' => '23'
]

$_POST = []

$_FILES = []

$_COOKIE = [
    '_identity-backend' => '98aa642ec5ce1a39e05de95fc2512ba68e60690d4a058cbc1c3d389c2b44217ca:2:{i:0;s:17:\"_identity-backend\";i:1;s:47:\"[94,\"FPMu2WKk-wMLbw_FFn16xh_lQD-KupqV\",2592000]\";}'
    'advanced-backend' => '0p4l07iummg1rveh4btoc4f9dq'
    '_csrf-backend' => '048510a90821d699e9c828120a46ba2168c041af2b435e34b349ba6754a5d928a:2:{i:0;s:13:\"_csrf-backend\";i:1;s:32:\"7P0xOSG5OhE2KKZicqRZIce4p2a81Wmc\";}'
]

$_SESSION = [
    '__flash' => []
    '__id' => 94
    '__authKey' => 'FPMu2WKk-wMLbw_FFn16xh_lQD-KupqV'
    'estate_office_id' => 31
]

$_SERVER = [
    'DOCUMENT_ROOT' => 'C:\\xampp\\htdocs\\nafithh\\web'
    'REMOTE_ADDR' => '::1'
    'REMOTE_PORT' => '57195'
    'SERVER_SOFTWARE' => 'PHP 8.2.12 Development Server'
    'SERVER_PROTOCOL' => 'HTTP/1.1'
    'SERVER_NAME' => 'localhost'
    'SERVER_PORT' => '8080'
    'REQUEST_URI' => '/admin/takamolat/update/23'
    'REQUEST_METHOD' => 'GET'
    'SCRIPT_NAME' => '/admin/index.php'
    'SCRIPT_FILENAME' => 'C:\\xampp\\htdocs\\nafithh\\web\\admin\\index.php'
    'PATH_INFO' => '/takamolat/update/23'
    'PHP_SELF' => '/admin/index.php/takamolat/update/23'
    'HTTP_HOST' => 'localhost:8080'
    'HTTP_CONNECTION' => 'keep-alive'
    'HTTP_CACHE_CONTROL' => 'max-age=0'
    'HTTP_SEC_CH_UA' => '\"Chromium\";v=\"124\", \"Google Chrome\";v=\"124\", \"Not-A.Brand\";v=\"99\"'
    'HTTP_SEC_CH_UA_MOBILE' => '?0'
    'HTTP_SEC_CH_UA_PLATFORM' => '\"Windows\"'
    'HTTP_UPGRADE_INSECURE_REQUESTS' => '1'
    'HTTP_USER_AGENT' => 'Mozilla/5.0 (Windows NT 10.0; Win64; x64) AppleWebKit/537.36 (KHTML, like Gecko) Chrome/124.0.0.0 Safari/537.36'
    'HTTP_ACCEPT' => 'text/html,application/xhtml+xml,application/xml;q=0.9,image/avif,image/webp,image/apng,*/*;q=0.8,application/signed-exchange;v=b3;q=0.7'
    'HTTP_SEC_FETCH_SITE' => 'same-origin'
    'HTTP_SEC_FETCH_MODE' => 'navigate'
    'HTTP_SEC_FETCH_USER' => '?1'
    'HTTP_SEC_FETCH_DEST' => 'document'
    'HTTP_REFERER' => 'http://localhost:8080/admin/takamolat'
    'HTTP_ACCEPT_ENCODING' => 'gzip, deflate, br'
    'HTTP_ACCEPT_LANGUAGE' => 'en-US,en;q=0.9,ar;q=0.8'
    'HTTP_COOKIE' => '_identity-backend=98aa642ec5ce1a39e05de95fc2512ba68e60690d4a058cbc1c3d389c2b44217ca%3A2%3A%7Bi%3A0%3Bs%3A17%3A%22_identity-backend%22%3Bi%3A1%3Bs%3A47%3A%22%5B94%2C%22FPMu2WKk-wMLbw_FFn16xh_lQD-KupqV%22%2C2592000%5D%22%3B%7D; advanced-backend=0p4l07iummg1rveh4btoc4f9dq; _csrf-backend=048510a90821d699e9c828120a46ba2168c041af2b435e34b349ba6754a5d928a%3A2%3A%7Bi%3A0%3Bs%3A13%3A%22_csrf-backend%22%3Bi%3A1%3Bs%3A32%3A%227P0xOSG5OhE2KKZicqRZIce4p2a81Wmc%22%3B%7D'
    'REQUEST_TIME_FLOAT' => 1714322286.1047
    'REQUEST_TIME' => 1714322286
]
2024-04-28 19:38:06 [::1][94][0p4l07iummg1rveh4btoc4f9dq][error][yii\web\HttpException:403] yii\web\ForbiddenHttpException: غير مصرح لك القيام بهذا العمل in C:\xampp\htdocs\nafithh\vendor\mdmsoft\yii2-admin\components\AccessControl.php:88
Stack trace:
#0 C:\xampp\htdocs\nafithh\vendor\mdmsoft\yii2-admin\components\AccessControl.php(73): mdm\admin\components\AccessControl->denyAccess(Object(yii\web\User))
#1 C:\xampp\htdocs\nafithh\vendor\yiisoft\yii2\base\ActionFilter.php(77): mdm\admin\components\AccessControl->beforeAction(Object(yii\base\InlineAction))
#2 [internal function]: yii\base\ActionFilter->beforeFilter(Object(yii\base\ActionEvent))
#3 C:\xampp\htdocs\nafithh\vendor\yiisoft\yii2\base\Component.php(633): call_user_func(Array, Object(yii\base\ActionEvent))
#4 C:\xampp\htdocs\nafithh\vendor\yiisoft\yii2\base\Module.php(724): yii\base\Component->trigger('beforeAction', Object(yii\base\ActionEvent))
#5 C:\xampp\htdocs\nafithh\vendor\yiisoft\yii2\base\Controller.php(166): yii\base\Module->beforeAction(Object(yii\base\InlineAction))
#6 C:\xampp\htdocs\nafithh\vendor\yiisoft\yii2\base\Module.php(552): yii\base\Controller->runAction('toolbar', Array)
#7 C:\xampp\htdocs\nafithh\vendor\yiisoft\yii2\web\Application.php(103): yii\base\Module->runAction('debug/default/t...', Array)
#8 C:\xampp\htdocs\nafithh\vendor\yiisoft\yii2\base\Application.php(384): yii\web\Application->handleRequest(Object(yii\web\Request))
#9 C:\xampp\htdocs\nafithh\web\admin\index.php(18): yii\base\Application->run()
#10 {main}
2024-04-28 19:38:06 [::1][94][0p4l07iummg1rveh4btoc4f9dq][info][application] $_GET = [
    'tag' => '662e7b6e303cf'
]

$_POST = []

$_FILES = []

$_COOKIE = [
    '_identity-backend' => '98aa642ec5ce1a39e05de95fc2512ba68e60690d4a058cbc1c3d389c2b44217ca:2:{i:0;s:17:\"_identity-backend\";i:1;s:47:\"[94,\"FPMu2WKk-wMLbw_FFn16xh_lQD-KupqV\",2592000]\";}'
    'advanced-backend' => '0p4l07iummg1rveh4btoc4f9dq'
    '_csrf-backend' => '048510a90821d699e9c828120a46ba2168c041af2b435e34b349ba6754a5d928a:2:{i:0;s:13:\"_csrf-backend\";i:1;s:32:\"7P0xOSG5OhE2KKZicqRZIce4p2a81Wmc\";}'
]

$_SESSION = [
    '__flash' => []
    '__id' => 94
    '__authKey' => 'FPMu2WKk-wMLbw_FFn16xh_lQD-KupqV'
    'estate_office_id' => 31
]

$_SERVER = [
    'DOCUMENT_ROOT' => 'C:\\xampp\\htdocs\\nafithh\\web'
    'REMOTE_ADDR' => '::1'
    'REMOTE_PORT' => '57196'
    'SERVER_SOFTWARE' => 'PHP 8.2.12 Development Server'
    'SERVER_PROTOCOL' => 'HTTP/1.1'
    'SERVER_NAME' => 'localhost'
    'SERVER_PORT' => '8080'
    'REQUEST_URI' => '/admin/debug/default/toolbar?tag=662e7b6e303cf'
    'REQUEST_METHOD' => 'GET'
    'SCRIPT_NAME' => '/admin/index.php'
    'SCRIPT_FILENAME' => 'C:\\xampp\\htdocs\\nafithh\\web\\admin\\index.php'
    'PATH_INFO' => '/debug/default/toolbar'
    'PHP_SELF' => '/admin/index.php/debug/default/toolbar'
    'QUERY_STRING' => 'tag=662e7b6e303cf'
    'HTTP_HOST' => 'localhost:8080'
    'HTTP_CONNECTION' => 'keep-alive'
    'HTTP_SEC_CH_UA' => '\"Chromium\";v=\"124\", \"Google Chrome\";v=\"124\", \"Not-A.Brand\";v=\"99\"'
    'HTTP_ACCEPT' => 'text/html'
    'HTTP_X_REQUESTED_WITH' => 'XMLHttpRequest'
    'HTTP_SEC_CH_UA_MOBILE' => '?0'
    'HTTP_USER_AGENT' => 'Mozilla/5.0 (Windows NT 10.0; Win64; x64) AppleWebKit/537.36 (KHTML, like Gecko) Chrome/124.0.0.0 Safari/537.36'
    'HTTP_SEC_CH_UA_PLATFORM' => '\"Windows\"'
    'HTTP_SEC_FETCH_SITE' => 'same-origin'
    'HTTP_SEC_FETCH_MODE' => 'cors'
    'HTTP_SEC_FETCH_DEST' => 'empty'
    'HTTP_REFERER' => 'http://localhost:8080/admin/takamolat/update/23'
    'HTTP_ACCEPT_ENCODING' => 'gzip, deflate, br'
    'HTTP_ACCEPT_LANGUAGE' => 'en-US,en;q=0.9,ar;q=0.8'
    'HTTP_COOKIE' => '_identity-backend=98aa642ec5ce1a39e05de95fc2512ba68e60690d4a058cbc1c3d389c2b44217ca%3A2%3A%7Bi%3A0%3Bs%3A17%3A%22_identity-backend%22%3Bi%3A1%3Bs%3A47%3A%22%5B94%2C%22FPMu2WKk-wMLbw_FFn16xh_lQD-KupqV%22%2C2592000%5D%22%3B%7D; advanced-backend=0p4l07iummg1rveh4btoc4f9dq; _csrf-backend=048510a90821d699e9c828120a46ba2168c041af2b435e34b349ba6754a5d928a%3A2%3A%7Bi%3A0%3Bs%3A13%3A%22_csrf-backend%22%3Bi%3A1%3Bs%3A32%3A%227P0xOSG5OhE2KKZicqRZIce4p2a81Wmc%22%3B%7D'
    'REQUEST_TIME_FLOAT' => 1714322286.2679
    'REQUEST_TIME' => 1714322286
]
2024-04-28 19:38:06 [::1][94][0p4l07iummg1rveh4btoc4f9dq][error][yii\base\InvalidArgumentException] yii\base\InvalidArgumentException: Invalid path alias: @uploads/watermark.png in C:\xampp\htdocs\nafithh\vendor\yiisoft\yii2\BaseYii.php:154
Stack trace:
#0 C:\xampp\htdocs\nafithh\backend\controllers\TakamolatController.php(137): yii\BaseYii::getAlias('@uploads/waterm...')
#1 [internal function]: backend\controllers\TakamolatController->actionUpdate(23)
#2 C:\xampp\htdocs\nafithh\vendor\yiisoft\yii2\base\InlineAction.php(57): call_user_func_array(Array, Array)
#3 C:\xampp\htdocs\nafithh\vendor\yiisoft\yii2\base\Controller.php(178): yii\base\InlineAction->runWithParams(Array)
#4 C:\xampp\htdocs\nafithh\vendor\yiisoft\yii2\base\Module.php(552): yii\base\Controller->runAction('update', Array)
#5 C:\xampp\htdocs\nafithh\vendor\yiisoft\yii2\web\Application.php(103): yii\base\Module->runAction('takamolat/updat...', Array)
#6 C:\xampp\htdocs\nafithh\vendor\yiisoft\yii2\base\Application.php(384): yii\web\Application->handleRequest(Object(yii\web\Request))
#7 C:\xampp\htdocs\nafithh\web\admin\index.php(18): yii\base\Application->run()
#8 {main}
2024-04-28 19:38:06 [::1][94][0p4l07iummg1rveh4btoc4f9dq][info][application] $_GET = [
    'id' => '23'
]

$_POST = []

$_FILES = []

$_COOKIE = [
    '_identity-backend' => '98aa642ec5ce1a39e05de95fc2512ba68e60690d4a058cbc1c3d389c2b44217ca:2:{i:0;s:17:\"_identity-backend\";i:1;s:47:\"[94,\"FPMu2WKk-wMLbw_FFn16xh_lQD-KupqV\",2592000]\";}'
    'advanced-backend' => '0p4l07iummg1rveh4btoc4f9dq'
    '_csrf-backend' => '048510a90821d699e9c828120a46ba2168c041af2b435e34b349ba6754a5d928a:2:{i:0;s:13:\"_csrf-backend\";i:1;s:32:\"7P0xOSG5OhE2KKZicqRZIce4p2a81Wmc\";}'
]

$_SESSION = [
    '__flash' => []
    '__id' => 94
    '__authKey' => 'FPMu2WKk-wMLbw_FFn16xh_lQD-KupqV'
    'estate_office_id' => 31
]

$_SERVER = [
    'DOCUMENT_ROOT' => 'C:\\xampp\\htdocs\\nafithh\\web'
    'REMOTE_ADDR' => '::1'
    'REMOTE_PORT' => '57200'
    'SERVER_SOFTWARE' => 'PHP 8.2.12 Development Server'
    'SERVER_PROTOCOL' => 'HTTP/1.1'
    'SERVER_NAME' => 'localhost'
    'SERVER_PORT' => '8080'
    'REQUEST_URI' => '/admin/takamolat/update/23'
    'REQUEST_METHOD' => 'GET'
    'SCRIPT_NAME' => '/admin/index.php'
    'SCRIPT_FILENAME' => 'C:\\xampp\\htdocs\\nafithh\\web\\admin\\index.php'
    'PATH_INFO' => '/takamolat/update/23'
    'PHP_SELF' => '/admin/index.php/takamolat/update/23'
    'HTTP_HOST' => 'localhost:8080'
    'HTTP_CONNECTION' => 'keep-alive'
    'HTTP_CACHE_CONTROL' => 'max-age=0'
    'HTTP_SEC_CH_UA' => '\"Chromium\";v=\"124\", \"Google Chrome\";v=\"124\", \"Not-A.Brand\";v=\"99\"'
    'HTTP_SEC_CH_UA_MOBILE' => '?0'
    'HTTP_SEC_CH_UA_PLATFORM' => '\"Windows\"'
    'HTTP_UPGRADE_INSECURE_REQUESTS' => '1'
    'HTTP_USER_AGENT' => 'Mozilla/5.0 (Windows NT 10.0; Win64; x64) AppleWebKit/537.36 (KHTML, like Gecko) Chrome/124.0.0.0 Safari/537.36'
    'HTTP_ACCEPT' => 'text/html,application/xhtml+xml,application/xml;q=0.9,image/avif,image/webp,image/apng,*/*;q=0.8,application/signed-exchange;v=b3;q=0.7'
    'HTTP_SEC_FETCH_SITE' => 'same-origin'
    'HTTP_SEC_FETCH_MODE' => 'navigate'
    'HTTP_SEC_FETCH_USER' => '?1'
    'HTTP_SEC_FETCH_DEST' => 'document'
    'HTTP_REFERER' => 'http://localhost:8080/admin/takamolat'
    'HTTP_ACCEPT_ENCODING' => 'gzip, deflate, br'
    'HTTP_ACCEPT_LANGUAGE' => 'en-US,en;q=0.9,ar;q=0.8'
    'HTTP_COOKIE' => '_identity-backend=98aa642ec5ce1a39e05de95fc2512ba68e60690d4a058cbc1c3d389c2b44217ca%3A2%3A%7Bi%3A0%3Bs%3A17%3A%22_identity-backend%22%3Bi%3A1%3Bs%3A47%3A%22%5B94%2C%22FPMu2WKk-wMLbw_FFn16xh_lQD-KupqV%22%2C2592000%5D%22%3B%7D; advanced-backend=0p4l07iummg1rveh4btoc4f9dq; _csrf-backend=048510a90821d699e9c828120a46ba2168c041af2b435e34b349ba6754a5d928a%3A2%3A%7Bi%3A0%3Bs%3A13%3A%22_csrf-backend%22%3Bi%3A1%3Bs%3A32%3A%227P0xOSG5OhE2KKZicqRZIce4p2a81Wmc%22%3B%7D'
    'REQUEST_TIME_FLOAT' => 1714322286.8952
    'REQUEST_TIME' => 1714322286
]
2024-04-28 19:38:07 [::1][94][0p4l07iummg1rveh4btoc4f9dq][error][yii\web\HttpException:403] yii\web\ForbiddenHttpException: غير مصرح لك القيام بهذا العمل in C:\xampp\htdocs\nafithh\vendor\mdmsoft\yii2-admin\components\AccessControl.php:88
Stack trace:
#0 C:\xampp\htdocs\nafithh\vendor\mdmsoft\yii2-admin\components\AccessControl.php(73): mdm\admin\components\AccessControl->denyAccess(Object(yii\web\User))
#1 C:\xampp\htdocs\nafithh\vendor\yiisoft\yii2\base\ActionFilter.php(77): mdm\admin\components\AccessControl->beforeAction(Object(yii\base\InlineAction))
#2 [internal function]: yii\base\ActionFilter->beforeFilter(Object(yii\base\ActionEvent))
#3 C:\xampp\htdocs\nafithh\vendor\yiisoft\yii2\base\Component.php(633): call_user_func(Array, Object(yii\base\ActionEvent))
#4 C:\xampp\htdocs\nafithh\vendor\yiisoft\yii2\base\Module.php(724): yii\base\Component->trigger('beforeAction', Object(yii\base\ActionEvent))
#5 C:\xampp\htdocs\nafithh\vendor\yiisoft\yii2\base\Controller.php(166): yii\base\Module->beforeAction(Object(yii\base\InlineAction))
#6 C:\xampp\htdocs\nafithh\vendor\yiisoft\yii2\base\Module.php(552): yii\base\Controller->runAction('toolbar', Array)
#7 C:\xampp\htdocs\nafithh\vendor\yiisoft\yii2\web\Application.php(103): yii\base\Module->runAction('debug/default/t...', Array)
#8 C:\xampp\htdocs\nafithh\vendor\yiisoft\yii2\base\Application.php(384): yii\web\Application->handleRequest(Object(yii\web\Request))
#9 C:\xampp\htdocs\nafithh\web\admin\index.php(18): yii\base\Application->run()
#10 {main}
2024-04-28 19:38:07 [::1][94][0p4l07iummg1rveh4btoc4f9dq][info][application] $_GET = [
    'tag' => '662e7b6eec39f'
]

$_POST = []

$_FILES = []

$_COOKIE = [
    '_identity-backend' => '98aa642ec5ce1a39e05de95fc2512ba68e60690d4a058cbc1c3d389c2b44217ca:2:{i:0;s:17:\"_identity-backend\";i:1;s:47:\"[94,\"FPMu2WKk-wMLbw_FFn16xh_lQD-KupqV\",2592000]\";}'
    'advanced-backend' => '0p4l07iummg1rveh4btoc4f9dq'
    '_csrf-backend' => '048510a90821d699e9c828120a46ba2168c041af2b435e34b349ba6754a5d928a:2:{i:0;s:13:\"_csrf-backend\";i:1;s:32:\"7P0xOSG5OhE2KKZicqRZIce4p2a81Wmc\";}'
]

$_SESSION = [
    '__flash' => []
    '__id' => 94
    '__authKey' => 'FPMu2WKk-wMLbw_FFn16xh_lQD-KupqV'
    'estate_office_id' => 31
]

$_SERVER = [
    'DOCUMENT_ROOT' => 'C:\\xampp\\htdocs\\nafithh\\web'
    'REMOTE_ADDR' => '::1'
    'REMOTE_PORT' => '57201'
    'SERVER_SOFTWARE' => 'PHP 8.2.12 Development Server'
    'SERVER_PROTOCOL' => 'HTTP/1.1'
    'SERVER_NAME' => 'localhost'
    'SERVER_PORT' => '8080'
    'REQUEST_URI' => '/admin/debug/default/toolbar?tag=662e7b6eec39f'
    'REQUEST_METHOD' => 'GET'
    'SCRIPT_NAME' => '/admin/index.php'
    'SCRIPT_FILENAME' => 'C:\\xampp\\htdocs\\nafithh\\web\\admin\\index.php'
    'PATH_INFO' => '/debug/default/toolbar'
    'PHP_SELF' => '/admin/index.php/debug/default/toolbar'
    'QUERY_STRING' => 'tag=662e7b6eec39f'
    'HTTP_HOST' => 'localhost:8080'
    'HTTP_CONNECTION' => 'keep-alive'
    'HTTP_SEC_CH_UA' => '\"Chromium\";v=\"124\", \"Google Chrome\";v=\"124\", \"Not-A.Brand\";v=\"99\"'
    'HTTP_ACCEPT' => 'text/html'
    'HTTP_X_REQUESTED_WITH' => 'XMLHttpRequest'
    'HTTP_SEC_CH_UA_MOBILE' => '?0'
    'HTTP_USER_AGENT' => 'Mozilla/5.0 (Windows NT 10.0; Win64; x64) AppleWebKit/537.36 (KHTML, like Gecko) Chrome/124.0.0.0 Safari/537.36'
    'HTTP_SEC_CH_UA_PLATFORM' => '\"Windows\"'
    'HTTP_SEC_FETCH_SITE' => 'same-origin'
    'HTTP_SEC_FETCH_MODE' => 'cors'
    'HTTP_SEC_FETCH_DEST' => 'empty'
    'HTTP_REFERER' => 'http://localhost:8080/admin/takamolat/update/23'
    'HTTP_ACCEPT_ENCODING' => 'gzip, deflate, br'
    'HTTP_ACCEPT_LANGUAGE' => 'en-US,en;q=0.9,ar;q=0.8'
    'HTTP_COOKIE' => '_identity-backend=98aa642ec5ce1a39e05de95fc2512ba68e60690d4a058cbc1c3d389c2b44217ca%3A2%3A%7Bi%3A0%3Bs%3A17%3A%22_identity-backend%22%3Bi%3A1%3Bs%3A47%3A%22%5B94%2C%22FPMu2WKk-wMLbw_FFn16xh_lQD-KupqV%22%2C2592000%5D%22%3B%7D; advanced-backend=0p4l07iummg1rveh4btoc4f9dq; _csrf-backend=048510a90821d699e9c828120a46ba2168c041af2b435e34b349ba6754a5d928a%3A2%3A%7Bi%3A0%3Bs%3A13%3A%22_csrf-backend%22%3Bi%3A1%3Bs%3A32%3A%227P0xOSG5OhE2KKZicqRZIce4p2a81Wmc%22%3B%7D'
    'REQUEST_TIME_FLOAT' => 1714322287.0571
    'REQUEST_TIME' => 1714322287
]
2024-04-28 19:38:07 [::1][94][0p4l07iummg1rveh4btoc4f9dq][error][yii\base\InvalidArgumentException] yii\base\InvalidArgumentException: Invalid path alias: @uploads/watermark.png in C:\xampp\htdocs\nafithh\vendor\yiisoft\yii2\BaseYii.php:154
Stack trace:
#0 C:\xampp\htdocs\nafithh\backend\controllers\TakamolatController.php(137): yii\BaseYii::getAlias('@uploads/waterm...')
#1 [internal function]: backend\controllers\TakamolatController->actionUpdate(23)
#2 C:\xampp\htdocs\nafithh\vendor\yiisoft\yii2\base\InlineAction.php(57): call_user_func_array(Array, Array)
#3 C:\xampp\htdocs\nafithh\vendor\yiisoft\yii2\base\Controller.php(178): yii\base\InlineAction->runWithParams(Array)
#4 C:\xampp\htdocs\nafithh\vendor\yiisoft\yii2\base\Module.php(552): yii\base\Controller->runAction('update', Array)
#5 C:\xampp\htdocs\nafithh\vendor\yiisoft\yii2\web\Application.php(103): yii\base\Module->runAction('takamolat/updat...', Array)
#6 C:\xampp\htdocs\nafithh\vendor\yiisoft\yii2\base\Application.php(384): yii\web\Application->handleRequest(Object(yii\web\Request))
#7 C:\xampp\htdocs\nafithh\web\admin\index.php(18): yii\base\Application->run()
#8 {main}
2024-04-28 19:38:07 [::1][94][0p4l07iummg1rveh4btoc4f9dq][info][application] $_GET = [
    'id' => '23'
]

$_POST = []

$_FILES = []

$_COOKIE = [
    '_identity-backend' => '98aa642ec5ce1a39e05de95fc2512ba68e60690d4a058cbc1c3d389c2b44217ca:2:{i:0;s:17:\"_identity-backend\";i:1;s:47:\"[94,\"FPMu2WKk-wMLbw_FFn16xh_lQD-KupqV\",2592000]\";}'
    'advanced-backend' => '0p4l07iummg1rveh4btoc4f9dq'
    '_csrf-backend' => '048510a90821d699e9c828120a46ba2168c041af2b435e34b349ba6754a5d928a:2:{i:0;s:13:\"_csrf-backend\";i:1;s:32:\"7P0xOSG5OhE2KKZicqRZIce4p2a81Wmc\";}'
]

$_SESSION = [
    '__flash' => []
    '__id' => 94
    '__authKey' => 'FPMu2WKk-wMLbw_FFn16xh_lQD-KupqV'
    'estate_office_id' => 31
]

$_SERVER = [
    'DOCUMENT_ROOT' => 'C:\\xampp\\htdocs\\nafithh\\web'
    'REMOTE_ADDR' => '::1'
    'REMOTE_PORT' => '57205'
    'SERVER_SOFTWARE' => 'PHP 8.2.12 Development Server'
    'SERVER_PROTOCOL' => 'HTTP/1.1'
    'SERVER_NAME' => 'localhost'
    'SERVER_PORT' => '8080'
    'REQUEST_URI' => '/admin/takamolat/update/23'
    'REQUEST_METHOD' => 'GET'
    'SCRIPT_NAME' => '/admin/index.php'
    'SCRIPT_FILENAME' => 'C:\\xampp\\htdocs\\nafithh\\web\\admin\\index.php'
    'PATH_INFO' => '/takamolat/update/23'
    'PHP_SELF' => '/admin/index.php/takamolat/update/23'
    'HTTP_HOST' => 'localhost:8080'
    'HTTP_CONNECTION' => 'keep-alive'
    'HTTP_CACHE_CONTROL' => 'max-age=0'
    'HTTP_SEC_CH_UA' => '\"Chromium\";v=\"124\", \"Google Chrome\";v=\"124\", \"Not-A.Brand\";v=\"99\"'
    'HTTP_SEC_CH_UA_MOBILE' => '?0'
    'HTTP_SEC_CH_UA_PLATFORM' => '\"Windows\"'
    'HTTP_UPGRADE_INSECURE_REQUESTS' => '1'
    'HTTP_USER_AGENT' => 'Mozilla/5.0 (Windows NT 10.0; Win64; x64) AppleWebKit/537.36 (KHTML, like Gecko) Chrome/124.0.0.0 Safari/537.36'
    'HTTP_ACCEPT' => 'text/html,application/xhtml+xml,application/xml;q=0.9,image/avif,image/webp,image/apng,*/*;q=0.8,application/signed-exchange;v=b3;q=0.7'
    'HTTP_SEC_FETCH_SITE' => 'same-origin'
    'HTTP_SEC_FETCH_MODE' => 'navigate'
    'HTTP_SEC_FETCH_USER' => '?1'
    'HTTP_SEC_FETCH_DEST' => 'document'
    'HTTP_REFERER' => 'http://localhost:8080/admin/takamolat'
    'HTTP_ACCEPT_ENCODING' => 'gzip, deflate, br'
    'HTTP_ACCEPT_LANGUAGE' => 'en-US,en;q=0.9,ar;q=0.8'
    'HTTP_COOKIE' => '_identity-backend=98aa642ec5ce1a39e05de95fc2512ba68e60690d4a058cbc1c3d389c2b44217ca%3A2%3A%7Bi%3A0%3Bs%3A17%3A%22_identity-backend%22%3Bi%3A1%3Bs%3A47%3A%22%5B94%2C%22FPMu2WKk-wMLbw_FFn16xh_lQD-KupqV%22%2C2592000%5D%22%3B%7D; advanced-backend=0p4l07iummg1rveh4btoc4f9dq; _csrf-backend=048510a90821d699e9c828120a46ba2168c041af2b435e34b349ba6754a5d928a%3A2%3A%7Bi%3A0%3Bs%3A13%3A%22_csrf-backend%22%3Bi%3A1%3Bs%3A32%3A%227P0xOSG5OhE2KKZicqRZIce4p2a81Wmc%22%3B%7D'
    'REQUEST_TIME_FLOAT' => 1714322287.5273
    'REQUEST_TIME' => 1714322287
]
2024-04-28 19:38:07 [::1][94][0p4l07iummg1rveh4btoc4f9dq][error][yii\web\HttpException:403] yii\web\ForbiddenHttpException: غير مصرح لك القيام بهذا العمل in C:\xampp\htdocs\nafithh\vendor\mdmsoft\yii2-admin\components\AccessControl.php:88
Stack trace:
#0 C:\xampp\htdocs\nafithh\vendor\mdmsoft\yii2-admin\components\AccessControl.php(73): mdm\admin\components\AccessControl->denyAccess(Object(yii\web\User))
#1 C:\xampp\htdocs\nafithh\vendor\yiisoft\yii2\base\ActionFilter.php(77): mdm\admin\components\AccessControl->beforeAction(Object(yii\base\InlineAction))
#2 [internal function]: yii\base\ActionFilter->beforeFilter(Object(yii\base\ActionEvent))
#3 C:\xampp\htdocs\nafithh\vendor\yiisoft\yii2\base\Component.php(633): call_user_func(Array, Object(yii\base\ActionEvent))
#4 C:\xampp\htdocs\nafithh\vendor\yiisoft\yii2\base\Module.php(724): yii\base\Component->trigger('beforeAction', Object(yii\base\ActionEvent))
#5 C:\xampp\htdocs\nafithh\vendor\yiisoft\yii2\base\Controller.php(166): yii\base\Module->beforeAction(Object(yii\base\InlineAction))
#6 C:\xampp\htdocs\nafithh\vendor\yiisoft\yii2\base\Module.php(552): yii\base\Controller->runAction('toolbar', Array)
#7 C:\xampp\htdocs\nafithh\vendor\yiisoft\yii2\web\Application.php(103): yii\base\Module->runAction('debug/default/t...', Array)
#8 C:\xampp\htdocs\nafithh\vendor\yiisoft\yii2\base\Application.php(384): yii\web\Application->handleRequest(Object(yii\web\Request))
#9 C:\xampp\htdocs\nafithh\web\admin\index.php(18): yii\base\Application->run()
#10 {main}
2024-04-28 19:38:07 [::1][94][0p4l07iummg1rveh4btoc4f9dq][info][application] $_GET = [
    'tag' => '662e7b6f9a4a3'
]

$_POST = []

$_FILES = []

$_COOKIE = [
    '_identity-backend' => '98aa642ec5ce1a39e05de95fc2512ba68e60690d4a058cbc1c3d389c2b44217ca:2:{i:0;s:17:\"_identity-backend\";i:1;s:47:\"[94,\"FPMu2WKk-wMLbw_FFn16xh_lQD-KupqV\",2592000]\";}'
    'advanced-backend' => '0p4l07iummg1rveh4btoc4f9dq'
    '_csrf-backend' => '048510a90821d699e9c828120a46ba2168c041af2b435e34b349ba6754a5d928a:2:{i:0;s:13:\"_csrf-backend\";i:1;s:32:\"7P0xOSG5OhE2KKZicqRZIce4p2a81Wmc\";}'
]

$_SESSION = [
    '__flash' => []
    '__id' => 94
    '__authKey' => 'FPMu2WKk-wMLbw_FFn16xh_lQD-KupqV'
    'estate_office_id' => 31
]

$_SERVER = [
    'DOCUMENT_ROOT' => 'C:\\xampp\\htdocs\\nafithh\\web'
    'REMOTE_ADDR' => '::1'
    'REMOTE_PORT' => '57206'
    'SERVER_SOFTWARE' => 'PHP 8.2.12 Development Server'
    'SERVER_PROTOCOL' => 'HTTP/1.1'
    'SERVER_NAME' => 'localhost'
    'SERVER_PORT' => '8080'
    'REQUEST_URI' => '/admin/debug/default/toolbar?tag=662e7b6f9a4a3'
    'REQUEST_METHOD' => 'GET'
    'SCRIPT_NAME' => '/admin/index.php'
    'SCRIPT_FILENAME' => 'C:\\xampp\\htdocs\\nafithh\\web\\admin\\index.php'
    'PATH_INFO' => '/debug/default/toolbar'
    'PHP_SELF' => '/admin/index.php/debug/default/toolbar'
    'QUERY_STRING' => 'tag=662e7b6f9a4a3'
    'HTTP_HOST' => 'localhost:8080'
    'HTTP_CONNECTION' => 'keep-alive'
    'HTTP_SEC_CH_UA' => '\"Chromium\";v=\"124\", \"Google Chrome\";v=\"124\", \"Not-A.Brand\";v=\"99\"'
    'HTTP_ACCEPT' => 'text/html'
    'HTTP_X_REQUESTED_WITH' => 'XMLHttpRequest'
    'HTTP_SEC_CH_UA_MOBILE' => '?0'
    'HTTP_USER_AGENT' => 'Mozilla/5.0 (Windows NT 10.0; Win64; x64) AppleWebKit/537.36 (KHTML, like Gecko) Chrome/124.0.0.0 Safari/537.36'
    'HTTP_SEC_CH_UA_PLATFORM' => '\"Windows\"'
    'HTTP_SEC_FETCH_SITE' => 'same-origin'
    'HTTP_SEC_FETCH_MODE' => 'cors'
    'HTTP_SEC_FETCH_DEST' => 'empty'
    'HTTP_REFERER' => 'http://localhost:8080/admin/takamolat/update/23'
    'HTTP_ACCEPT_ENCODING' => 'gzip, deflate, br'
    'HTTP_ACCEPT_LANGUAGE' => 'en-US,en;q=0.9,ar;q=0.8'
    'HTTP_COOKIE' => '_identity-backend=98aa642ec5ce1a39e05de95fc2512ba68e60690d4a058cbc1c3d389c2b44217ca%3A2%3A%7Bi%3A0%3Bs%3A17%3A%22_identity-backend%22%3Bi%3A1%3Bs%3A47%3A%22%5B94%2C%22FPMu2WKk-wMLbw_FFn16xh_lQD-KupqV%22%2C2592000%5D%22%3B%7D; advanced-backend=0p4l07iummg1rveh4btoc4f9dq; _csrf-backend=048510a90821d699e9c828120a46ba2168c041af2b435e34b349ba6754a5d928a%3A2%3A%7Bi%3A0%3Bs%3A13%3A%22_csrf-backend%22%3Bi%3A1%3Bs%3A32%3A%227P0xOSG5OhE2KKZicqRZIce4p2a81Wmc%22%3B%7D'
    'REQUEST_TIME_FLOAT' => 1714322287.6878
    'REQUEST_TIME' => 1714322287
]
2024-04-28 19:38:08 [::1][94][0p4l07iummg1rveh4btoc4f9dq][error][yii\base\InvalidArgumentException] yii\base\InvalidArgumentException: Invalid path alias: @uploads/watermark.png in C:\xampp\htdocs\nafithh\vendor\yiisoft\yii2\BaseYii.php:154
Stack trace:
#0 C:\xampp\htdocs\nafithh\backend\controllers\TakamolatController.php(137): yii\BaseYii::getAlias('@uploads/waterm...')
#1 [internal function]: backend\controllers\TakamolatController->actionUpdate(23)
#2 C:\xampp\htdocs\nafithh\vendor\yiisoft\yii2\base\InlineAction.php(57): call_user_func_array(Array, Array)
#3 C:\xampp\htdocs\nafithh\vendor\yiisoft\yii2\base\Controller.php(178): yii\base\InlineAction->runWithParams(Array)
#4 C:\xampp\htdocs\nafithh\vendor\yiisoft\yii2\base\Module.php(552): yii\base\Controller->runAction('update', Array)
#5 C:\xampp\htdocs\nafithh\vendor\yiisoft\yii2\web\Application.php(103): yii\base\Module->runAction('takamolat/updat...', Array)
#6 C:\xampp\htdocs\nafithh\vendor\yiisoft\yii2\base\Application.php(384): yii\web\Application->handleRequest(Object(yii\web\Request))
#7 C:\xampp\htdocs\nafithh\web\admin\index.php(18): yii\base\Application->run()
#8 {main}
2024-04-28 19:38:08 [::1][94][0p4l07iummg1rveh4btoc4f9dq][info][application] $_GET = [
    'id' => '23'
]

$_POST = []

$_FILES = []

$_COOKIE = [
    '_identity-backend' => '98aa642ec5ce1a39e05de95fc2512ba68e60690d4a058cbc1c3d389c2b44217ca:2:{i:0;s:17:\"_identity-backend\";i:1;s:47:\"[94,\"FPMu2WKk-wMLbw_FFn16xh_lQD-KupqV\",2592000]\";}'
    'advanced-backend' => '0p4l07iummg1rveh4btoc4f9dq'
    '_csrf-backend' => '048510a90821d699e9c828120a46ba2168c041af2b435e34b349ba6754a5d928a:2:{i:0;s:13:\"_csrf-backend\";i:1;s:32:\"7P0xOSG5OhE2KKZicqRZIce4p2a81Wmc\";}'
]

$_SESSION = [
    '__flash' => []
    '__id' => 94
    '__authKey' => 'FPMu2WKk-wMLbw_FFn16xh_lQD-KupqV'
    'estate_office_id' => 31
]

$_SERVER = [
    'DOCUMENT_ROOT' => 'C:\\xampp\\htdocs\\nafithh\\web'
    'REMOTE_ADDR' => '::1'
    'REMOTE_PORT' => '57210'
    'SERVER_SOFTWARE' => 'PHP 8.2.12 Development Server'
    'SERVER_PROTOCOL' => 'HTTP/1.1'
    'SERVER_NAME' => 'localhost'
    'SERVER_PORT' => '8080'
    'REQUEST_URI' => '/admin/takamolat/update/23'
    'REQUEST_METHOD' => 'GET'
    'SCRIPT_NAME' => '/admin/index.php'
    'SCRIPT_FILENAME' => 'C:\\xampp\\htdocs\\nafithh\\web\\admin\\index.php'
    'PATH_INFO' => '/takamolat/update/23'
    'PHP_SELF' => '/admin/index.php/takamolat/update/23'
    'HTTP_HOST' => 'localhost:8080'
    'HTTP_CONNECTION' => 'keep-alive'
    'HTTP_PRAGMA' => 'no-cache'
    'HTTP_CACHE_CONTROL' => 'no-cache'
    'HTTP_SEC_CH_UA' => '\"Chromium\";v=\"124\", \"Google Chrome\";v=\"124\", \"Not-A.Brand\";v=\"99\"'
    'HTTP_SEC_CH_UA_MOBILE' => '?0'
    'HTTP_SEC_CH_UA_PLATFORM' => '\"Windows\"'
    'HTTP_UPGRADE_INSECURE_REQUESTS' => '1'
    'HTTP_USER_AGENT' => 'Mozilla/5.0 (Windows NT 10.0; Win64; x64) AppleWebKit/537.36 (KHTML, like Gecko) Chrome/124.0.0.0 Safari/537.36'
    'HTTP_ACCEPT' => 'text/html,application/xhtml+xml,application/xml;q=0.9,image/avif,image/webp,image/apng,*/*;q=0.8,application/signed-exchange;v=b3;q=0.7'
    'HTTP_SEC_FETCH_SITE' => 'same-origin'
    'HTTP_SEC_FETCH_MODE' => 'navigate'
    'HTTP_SEC_FETCH_USER' => '?1'
    'HTTP_SEC_FETCH_DEST' => 'document'
    'HTTP_REFERER' => 'http://localhost:8080/admin/takamolat'
    'HTTP_ACCEPT_ENCODING' => 'gzip, deflate, br'
    'HTTP_ACCEPT_LANGUAGE' => 'en-US,en;q=0.9,ar;q=0.8'
    'HTTP_COOKIE' => '_identity-backend=98aa642ec5ce1a39e05de95fc2512ba68e60690d4a058cbc1c3d389c2b44217ca%3A2%3A%7Bi%3A0%3Bs%3A17%3A%22_identity-backend%22%3Bi%3A1%3Bs%3A47%3A%22%5B94%2C%22FPMu2WKk-wMLbw_FFn16xh_lQD-KupqV%22%2C2592000%5D%22%3B%7D; advanced-backend=0p4l07iummg1rveh4btoc4f9dq; _csrf-backend=048510a90821d699e9c828120a46ba2168c041af2b435e34b349ba6754a5d928a%3A2%3A%7Bi%3A0%3Bs%3A13%3A%22_csrf-backend%22%3Bi%3A1%3Bs%3A32%3A%227P0xOSG5OhE2KKZicqRZIce4p2a81Wmc%22%3B%7D'
    'REQUEST_TIME_FLOAT' => 1714322288.4716
    'REQUEST_TIME' => 1714322288
]
2024-04-28 19:38:08 [::1][94][0p4l07iummg1rveh4btoc4f9dq][error][yii\web\HttpException:403] yii\web\ForbiddenHttpException: غير مصرح لك القيام بهذا العمل in C:\xampp\htdocs\nafithh\vendor\mdmsoft\yii2-admin\components\AccessControl.php:88
Stack trace:
#0 C:\xampp\htdocs\nafithh\vendor\mdmsoft\yii2-admin\components\AccessControl.php(73): mdm\admin\components\AccessControl->denyAccess(Object(yii\web\User))
#1 C:\xampp\htdocs\nafithh\vendor\yiisoft\yii2\base\ActionFilter.php(77): mdm\admin\components\AccessControl->beforeAction(Object(yii\base\InlineAction))
#2 [internal function]: yii\base\ActionFilter->beforeFilter(Object(yii\base\ActionEvent))
#3 C:\xampp\htdocs\nafithh\vendor\yiisoft\yii2\base\Component.php(633): call_user_func(Array, Object(yii\base\ActionEvent))
#4 C:\xampp\htdocs\nafithh\vendor\yiisoft\yii2\base\Module.php(724): yii\base\Component->trigger('beforeAction', Object(yii\base\ActionEvent))
#5 C:\xampp\htdocs\nafithh\vendor\yiisoft\yii2\base\Controller.php(166): yii\base\Module->beforeAction(Object(yii\base\InlineAction))
#6 C:\xampp\htdocs\nafithh\vendor\yiisoft\yii2\base\Module.php(552): yii\base\Controller->runAction('toolbar', Array)
#7 C:\xampp\htdocs\nafithh\vendor\yiisoft\yii2\web\Application.php(103): yii\base\Module->runAction('debug/default/t...', Array)
#8 C:\xampp\htdocs\nafithh\vendor\yiisoft\yii2\base\Application.php(384): yii\web\Application->handleRequest(Object(yii\web\Request))
#9 C:\xampp\htdocs\nafithh\web\admin\index.php(18): yii\base\Application->run()
#10 {main}
2024-04-28 19:38:08 [::1][94][0p4l07iummg1rveh4btoc4f9dq][info][application] $_GET = [
    'tag' => '662e7b7085574'
]

$_POST = []

$_FILES = []

$_COOKIE = [
    '_identity-backend' => '98aa642ec5ce1a39e05de95fc2512ba68e60690d4a058cbc1c3d389c2b44217ca:2:{i:0;s:17:\"_identity-backend\";i:1;s:47:\"[94,\"FPMu2WKk-wMLbw_FFn16xh_lQD-KupqV\",2592000]\";}'
    'advanced-backend' => '0p4l07iummg1rveh4btoc4f9dq'
    '_csrf-backend' => '048510a90821d699e9c828120a46ba2168c041af2b435e34b349ba6754a5d928a:2:{i:0;s:13:\"_csrf-backend\";i:1;s:32:\"7P0xOSG5OhE2KKZicqRZIce4p2a81Wmc\";}'
]

$_SESSION = [
    '__flash' => []
    '__id' => 94
    '__authKey' => 'FPMu2WKk-wMLbw_FFn16xh_lQD-KupqV'
    'estate_office_id' => 31
]

$_SERVER = [
    'DOCUMENT_ROOT' => 'C:\\xampp\\htdocs\\nafithh\\web'
    'REMOTE_ADDR' => '::1'
    'REMOTE_PORT' => '57211'
    'SERVER_SOFTWARE' => 'PHP 8.2.12 Development Server'
    'SERVER_PROTOCOL' => 'HTTP/1.1'
    'SERVER_NAME' => 'localhost'
    'SERVER_PORT' => '8080'
    'REQUEST_URI' => '/admin/debug/default/toolbar?tag=662e7b7085574'
    'REQUEST_METHOD' => 'GET'
    'SCRIPT_NAME' => '/admin/index.php'
    'SCRIPT_FILENAME' => 'C:\\xampp\\htdocs\\nafithh\\web\\admin\\index.php'
    'PATH_INFO' => '/debug/default/toolbar'
    'PHP_SELF' => '/admin/index.php/debug/default/toolbar'
    'QUERY_STRING' => 'tag=662e7b7085574'
    'HTTP_HOST' => 'localhost:8080'
    'HTTP_CONNECTION' => 'keep-alive'
    'HTTP_PRAGMA' => 'no-cache'
    'HTTP_CACHE_CONTROL' => 'no-cache'
    'HTTP_SEC_CH_UA' => '\"Chromium\";v=\"124\", \"Google Chrome\";v=\"124\", \"Not-A.Brand\";v=\"99\"'
    'HTTP_ACCEPT' => 'text/html'
    'HTTP_X_REQUESTED_WITH' => 'XMLHttpRequest'
    'HTTP_SEC_CH_UA_MOBILE' => '?0'
    'HTTP_USER_AGENT' => 'Mozilla/5.0 (Windows NT 10.0; Win64; x64) AppleWebKit/537.36 (KHTML, like Gecko) Chrome/124.0.0.0 Safari/537.36'
    'HTTP_SEC_CH_UA_PLATFORM' => '\"Windows\"'
    'HTTP_SEC_FETCH_SITE' => 'same-origin'
    'HTTP_SEC_FETCH_MODE' => 'cors'
    'HTTP_SEC_FETCH_DEST' => 'empty'
    'HTTP_REFERER' => 'http://localhost:8080/admin/takamolat/update/23'
    'HTTP_ACCEPT_ENCODING' => 'gzip, deflate, br'
    'HTTP_ACCEPT_LANGUAGE' => 'en-US,en;q=0.9,ar;q=0.8'
    'HTTP_COOKIE' => '_identity-backend=98aa642ec5ce1a39e05de95fc2512ba68e60690d4a058cbc1c3d389c2b44217ca%3A2%3A%7Bi%3A0%3Bs%3A17%3A%22_identity-backend%22%3Bi%3A1%3Bs%3A47%3A%22%5B94%2C%22FPMu2WKk-wMLbw_FFn16xh_lQD-KupqV%22%2C2592000%5D%22%3B%7D; advanced-backend=0p4l07iummg1rveh4btoc4f9dq; _csrf-backend=048510a90821d699e9c828120a46ba2168c041af2b435e34b349ba6754a5d928a%3A2%3A%7Bi%3A0%3Bs%3A13%3A%22_csrf-backend%22%3Bi%3A1%3Bs%3A32%3A%227P0xOSG5OhE2KKZicqRZIce4p2a81Wmc%22%3B%7D'
    'REQUEST_TIME_FLOAT' => 1714322288.6098
    'REQUEST_TIME' => 1714322288
]
2024-04-28 19:39:03 [::1][94][0p4l07iummg1rveh4btoc4f9dq][error][yii\web\HttpException:403] yii\web\ForbiddenHttpException: غير مصرح لك القيام بهذا العمل in C:\xampp\htdocs\nafithh\vendor\mdmsoft\yii2-admin\components\AccessControl.php:88
Stack trace:
#0 C:\xampp\htdocs\nafithh\vendor\mdmsoft\yii2-admin\components\AccessControl.php(73): mdm\admin\components\AccessControl->denyAccess(Object(yii\web\User))
#1 C:\xampp\htdocs\nafithh\vendor\yiisoft\yii2\base\ActionFilter.php(77): mdm\admin\components\AccessControl->beforeAction(Object(yii\base\InlineAction))
#2 [internal function]: yii\base\ActionFilter->beforeFilter(Object(yii\base\ActionEvent))
#3 C:\xampp\htdocs\nafithh\vendor\yiisoft\yii2\base\Component.php(633): call_user_func(Array, Object(yii\base\ActionEvent))
#4 C:\xampp\htdocs\nafithh\vendor\yiisoft\yii2\base\Module.php(724): yii\base\Component->trigger('beforeAction', Object(yii\base\ActionEvent))
#5 C:\xampp\htdocs\nafithh\vendor\yiisoft\yii2\base\Controller.php(166): yii\base\Module->beforeAction(Object(yii\base\InlineAction))
#6 C:\xampp\htdocs\nafithh\vendor\yiisoft\yii2\base\Module.php(552): yii\base\Controller->runAction('toolbar', Array)
#7 C:\xampp\htdocs\nafithh\vendor\yiisoft\yii2\web\Application.php(103): yii\base\Module->runAction('debug/default/t...', Array)
#8 C:\xampp\htdocs\nafithh\vendor\yiisoft\yii2\base\Application.php(384): yii\web\Application->handleRequest(Object(yii\web\Request))
#9 C:\xampp\htdocs\nafithh\web\admin\index.php(18): yii\base\Application->run()
#10 {main}
2024-04-28 19:39:03 [::1][94][0p4l07iummg1rveh4btoc4f9dq][info][application] $_GET = [
    'tag' => '662e7ba6ab66f'
]

$_POST = []

$_FILES = []

$_COOKIE = [
    '_identity-backend' => '98aa642ec5ce1a39e05de95fc2512ba68e60690d4a058cbc1c3d389c2b44217ca:2:{i:0;s:17:\"_identity-backend\";i:1;s:47:\"[94,\"FPMu2WKk-wMLbw_FFn16xh_lQD-KupqV\",2592000]\";}'
    'advanced-backend' => '0p4l07iummg1rveh4btoc4f9dq'
    '_csrf-backend' => '048510a90821d699e9c828120a46ba2168c041af2b435e34b349ba6754a5d928a:2:{i:0;s:13:\"_csrf-backend\";i:1;s:32:\"7P0xOSG5OhE2KKZicqRZIce4p2a81Wmc\";}'
]

$_SESSION = [
    '__flash' => []
    '__id' => 94
    '__authKey' => 'FPMu2WKk-wMLbw_FFn16xh_lQD-KupqV'
    'estate_office_id' => 31
]

$_SERVER = [
    'DOCUMENT_ROOT' => 'C:\\xampp\\htdocs\\nafithh\\web'
    'REMOTE_ADDR' => '::1'
    'REMOTE_PORT' => '57286'
    'SERVER_SOFTWARE' => 'PHP 8.2.12 Development Server'
    'SERVER_PROTOCOL' => 'HTTP/1.1'
    'SERVER_NAME' => 'localhost'
    'SERVER_PORT' => '8080'
    'REQUEST_URI' => '/admin/debug/default/toolbar?tag=662e7ba6ab66f'
    'REQUEST_METHOD' => 'GET'
    'SCRIPT_NAME' => '/admin/index.php'
    'SCRIPT_FILENAME' => 'C:\\xampp\\htdocs\\nafithh\\web\\admin\\index.php'
    'PATH_INFO' => '/debug/default/toolbar'
    'PHP_SELF' => '/admin/index.php/debug/default/toolbar'
    'QUERY_STRING' => 'tag=662e7ba6ab66f'
    'HTTP_HOST' => 'localhost:8080'
    'HTTP_CONNECTION' => 'keep-alive'
    'HTTP_SEC_CH_UA' => '\"Chromium\";v=\"124\", \"Google Chrome\";v=\"124\", \"Not-A.Brand\";v=\"99\"'
    'HTTP_ACCEPT' => 'text/html'
    'HTTP_X_REQUESTED_WITH' => 'XMLHttpRequest'
    'HTTP_SEC_CH_UA_MOBILE' => '?0'
    'HTTP_USER_AGENT' => 'Mozilla/5.0 (Windows NT 10.0; Win64; x64) AppleWebKit/537.36 (KHTML, like Gecko) Chrome/124.0.0.0 Safari/537.36'
    'HTTP_SEC_CH_UA_PLATFORM' => '\"Windows\"'
    'HTTP_SEC_FETCH_SITE' => 'same-origin'
    'HTTP_SEC_FETCH_MODE' => 'cors'
    'HTTP_SEC_FETCH_DEST' => 'empty'
    'HTTP_REFERER' => 'http://localhost:8080/admin/takamolat/update/23'
    'HTTP_ACCEPT_ENCODING' => 'gzip, deflate, br'
    'HTTP_ACCEPT_LANGUAGE' => 'en-US,en;q=0.9,ar;q=0.8'
    'HTTP_COOKIE' => '_identity-backend=98aa642ec5ce1a39e05de95fc2512ba68e60690d4a058cbc1c3d389c2b44217ca%3A2%3A%7Bi%3A0%3Bs%3A17%3A%22_identity-backend%22%3Bi%3A1%3Bs%3A47%3A%22%5B94%2C%22FPMu2WKk-wMLbw_FFn16xh_lQD-KupqV%22%2C2592000%5D%22%3B%7D; advanced-backend=0p4l07iummg1rveh4btoc4f9dq; _csrf-backend=048510a90821d699e9c828120a46ba2168c041af2b435e34b349ba6754a5d928a%3A2%3A%7Bi%3A0%3Bs%3A13%3A%22_csrf-backend%22%3Bi%3A1%3Bs%3A32%3A%227P0xOSG5OhE2KKZicqRZIce4p2a81Wmc%22%3B%7D'
    'REQUEST_TIME_FLOAT' => 1714322343.0839
    'REQUEST_TIME' => 1714322343
]
2024-04-28 19:39:22 [::1][94][0p4l07iummg1rveh4btoc4f9dq][error][yii\web\HttpException:403] yii\web\ForbiddenHttpException: غير مصرح لك القيام بهذا العمل in C:\xampp\htdocs\nafithh\vendor\mdmsoft\yii2-admin\components\AccessControl.php:88
Stack trace:
#0 C:\xampp\htdocs\nafithh\vendor\mdmsoft\yii2-admin\components\AccessControl.php(73): mdm\admin\components\AccessControl->denyAccess(Object(yii\web\User))
#1 C:\xampp\htdocs\nafithh\vendor\yiisoft\yii2\base\ActionFilter.php(77): mdm\admin\components\AccessControl->beforeAction(Object(yii\base\InlineAction))
#2 [internal function]: yii\base\ActionFilter->beforeFilter(Object(yii\base\ActionEvent))
#3 C:\xampp\htdocs\nafithh\vendor\yiisoft\yii2\base\Component.php(633): call_user_func(Array, Object(yii\base\ActionEvent))
#4 C:\xampp\htdocs\nafithh\vendor\yiisoft\yii2\base\Module.php(724): yii\base\Component->trigger('beforeAction', Object(yii\base\ActionEvent))
#5 C:\xampp\htdocs\nafithh\vendor\yiisoft\yii2\base\Controller.php(166): yii\base\Module->beforeAction(Object(yii\base\InlineAction))
#6 C:\xampp\htdocs\nafithh\vendor\yiisoft\yii2\base\Module.php(552): yii\base\Controller->runAction('toolbar', Array)
#7 C:\xampp\htdocs\nafithh\vendor\yiisoft\yii2\web\Application.php(103): yii\base\Module->runAction('debug/default/t...', Array)
#8 C:\xampp\htdocs\nafithh\vendor\yiisoft\yii2\base\Application.php(384): yii\web\Application->handleRequest(Object(yii\web\Request))
#9 C:\xampp\htdocs\nafithh\web\admin\index.php(18): yii\base\Application->run()
#10 {main}
2024-04-28 19:39:22 [::1][94][0p4l07iummg1rveh4btoc4f9dq][info][application] $_GET = [
    'tag' => '662e7bba6c1b3'
]

$_POST = []

$_FILES = []

$_COOKIE = [
    '_identity-backend' => '98aa642ec5ce1a39e05de95fc2512ba68e60690d4a058cbc1c3d389c2b44217ca:2:{i:0;s:17:\"_identity-backend\";i:1;s:47:\"[94,\"FPMu2WKk-wMLbw_FFn16xh_lQD-KupqV\",2592000]\";}'
    'advanced-backend' => '0p4l07iummg1rveh4btoc4f9dq'
    '_csrf-backend' => '048510a90821d699e9c828120a46ba2168c041af2b435e34b349ba6754a5d928a:2:{i:0;s:13:\"_csrf-backend\";i:1;s:32:\"7P0xOSG5OhE2KKZicqRZIce4p2a81Wmc\";}'
]

$_SESSION = [
    '__flash' => []
    '__id' => 94
    '__authKey' => 'FPMu2WKk-wMLbw_FFn16xh_lQD-KupqV'
    'estate_office_id' => 31
]

$_SERVER = [
    'DOCUMENT_ROOT' => 'C:\\xampp\\htdocs\\nafithh\\web'
    'REMOTE_ADDR' => '::1'
    'REMOTE_PORT' => '57346'
    'SERVER_SOFTWARE' => 'PHP 8.2.12 Development Server'
    'SERVER_PROTOCOL' => 'HTTP/1.1'
    'SERVER_NAME' => 'localhost'
    'SERVER_PORT' => '8080'
    'REQUEST_URI' => '/admin/debug/default/toolbar?tag=662e7bba6c1b3'
    'REQUEST_METHOD' => 'GET'
    'SCRIPT_NAME' => '/admin/index.php'
    'SCRIPT_FILENAME' => 'C:\\xampp\\htdocs\\nafithh\\web\\admin\\index.php'
    'PATH_INFO' => '/debug/default/toolbar'
    'PHP_SELF' => '/admin/index.php/debug/default/toolbar'
    'QUERY_STRING' => 'tag=662e7bba6c1b3'
    'HTTP_HOST' => 'localhost:8080'
    'HTTP_CONNECTION' => 'keep-alive'
    'HTTP_SEC_CH_UA' => '\"Chromium\";v=\"124\", \"Google Chrome\";v=\"124\", \"Not-A.Brand\";v=\"99\"'
    'HTTP_ACCEPT' => 'text/html'
    'HTTP_X_REQUESTED_WITH' => 'XMLHttpRequest'
    'HTTP_SEC_CH_UA_MOBILE' => '?0'
    'HTTP_USER_AGENT' => 'Mozilla/5.0 (Windows NT 10.0; Win64; x64) AppleWebKit/537.36 (KHTML, like Gecko) Chrome/124.0.0.0 Safari/537.36'
    'HTTP_SEC_CH_UA_PLATFORM' => '\"Windows\"'
    'HTTP_SEC_FETCH_SITE' => 'same-origin'
    'HTTP_SEC_FETCH_MODE' => 'cors'
    'HTTP_SEC_FETCH_DEST' => 'empty'
    'HTTP_REFERER' => 'http://localhost:8080/admin/takamolat/23'
    'HTTP_ACCEPT_ENCODING' => 'gzip, deflate, br'
    'HTTP_ACCEPT_LANGUAGE' => 'en-US,en;q=0.9,ar;q=0.8'
    'HTTP_COOKIE' => '_identity-backend=98aa642ec5ce1a39e05de95fc2512ba68e60690d4a058cbc1c3d389c2b44217ca%3A2%3A%7Bi%3A0%3Bs%3A17%3A%22_identity-backend%22%3Bi%3A1%3Bs%3A47%3A%22%5B94%2C%22FPMu2WKk-wMLbw_FFn16xh_lQD-KupqV%22%2C2592000%5D%22%3B%7D; advanced-backend=0p4l07iummg1rveh4btoc4f9dq; _csrf-backend=048510a90821d699e9c828120a46ba2168c041af2b435e34b349ba6754a5d928a%3A2%3A%7Bi%3A0%3Bs%3A13%3A%22_csrf-backend%22%3Bi%3A1%3Bs%3A32%3A%227P0xOSG5OhE2KKZicqRZIce4p2a81Wmc%22%3B%7D'
    'REQUEST_TIME_FLOAT' => 1714322362.7972
    'REQUEST_TIME' => 1714322362
]
